\BOOKMARK [1][-]{indice.1}{\376\377\000\315\000n\000d\000i\000c\000e\000\040\000G\000e\000n\000e\000r\000a\000l}{}% 1
\BOOKMARK [1][-]{section*.2}{\376\377\000P\000r\000\363\000l\000o\000g\000o}{}% 2
\BOOKMARK [1][-]{section*.3}{\376\377\000R\000e\000s\000u\000m\000e\000n}{}% 3
\BOOKMARK [1][-]{section*.4}{\376\377\000A\000b\000s\000t\000r\000a\000c\000t}{}% 4
\BOOKMARK [0][-]{section*.5}{\376\377\000I\000n\000t\000r\000o\000d\000u\000c\000c\000i\000\363\000n}{}% 5
\BOOKMARK [1][-]{chapter*.6}{\376\377\000\315\000n\000d\000i\000c\000e\000\040\000d\000e\000\040\000F\000i\000g\000u\000r\000a\000s}{section*.5}% 6
\BOOKMARK [1][-]{chapter*.7}{\376\377\000\315\000n\000d\000i\000c\000e\000\040\000d\000e\000\040\000T\000a\000b\000l\000a\000s}{section*.5}% 7
\BOOKMARK [0][-]{chapter.1}{\376\377\000L\000a\000\040\000c\000i\000e\000n\000c\000i\000a\000\040\000d\000e\000\040\000d\000a\000t\000o\000s\000\040\000e\000n\000\040\000e\000l\000\040\000s\000e\000c\000t\000o\000r\000\040\000r\000e\000t\000a\000i\000l}{}% 8
\BOOKMARK [1][-]{section.1.1}{\376\377\000M\000o\000d\000e\000l\000i\000z\000a\000c\000i\000\363\000n\000\040\000e\000s\000t\000a\000d\000\355\000s\000t\000i\000c\000a\000\040\000d\000e\000\040\000v\000e\000n\000t\000a\000s\000\040\000e\000n\000\040\000e\000l\000\040\000s\000e\000c\000t\000o\000r\000\040\000r\000e\000t\000a\000i\000l}{chapter.1}% 9
\BOOKMARK [1][-]{section.1.2}{\376\377\000L\000a\000\040\000M\000i\000n\000e\000r\000\355\000a\000\040\000d\000e\000\040\000D\000a\000t\000o\000s\000\040\000y\000\040\000e\000l\000\040\000S\000e\000c\000t\000o\000r\000\040\000R\000e\000t\000a\000i\000l}{chapter.1}% 10
\BOOKMARK [0][-]{chapter.2}{\376\377\000A\000n\000\341\000l\000i\000s\000i\000s\000\040\000d\000e\000\040\000c\000e\000s\000t\000a\000\040\000d\000e\000\040\000l\000a\000\040\000c\000o\000m\000p\000r\000a\000\040\000\050\000M\000a\000r\000k\000e\000t\000\040\000b\000a\000s\000k\000e\000t\000\040\000a\000n\000\341\000l\000i\000s\000i\000s\000\051}{}% 11
\BOOKMARK [1][-]{section.2.1}{\376\377\000T\000\351\000c\000n\000i\000c\000a}{chapter.2}% 12
\BOOKMARK [1][-]{section.2.2}{\376\377\000M\000e\000d\000i\000d\000a\000s\000\040\000d\000e\000\040\000a\000s\000o\000c\000i\000a\000c\000i\000\363\000n\000\040\000\050\000I\000n\000d\000i\000c\000a\000d\000o\000r\000e\000s\000\040\000d\000e\000\040\000l\000a\000s\000\040\000r\000e\000g\000l\000a\000s\000\040\000d\000e\000\040\000a\000s\000o\000c\000c\000i\000a\000c\000i\000\363\000n\000\051}{chapter.2}% 13
\BOOKMARK [1][-]{section.2.3}{\376\377\000A\000l\000g\000o\000r\000i\000t\000m\000o\000\040\000a\000\040\000p\000r\000i\000o\000r\000i}{chapter.2}% 14
\BOOKMARK [0][-]{chapter.3}{\376\377\000M\000o\000d\000e\000l\000o\000s\000\040\000e\000s\000t\000a\000d\000\355\000s\000t\000i\000c\000o\000s\000\040\000c\000l\000\341\000s\000i\000c\000o\000s}{}% 15
\BOOKMARK [1][-]{section.3.1}{\376\377\000M\000o\000d\000e\000l\000o\000\040\000d\000e\000\040\000R\000e\000g\000r\000e\000s\000i\000\363\000n\000\040\000L\000i\000n\000e\000a\000l\000\040\000G\000e\000n\000e\000r\000a\000l\000i\000z\000a\000d\000o}{chapter.3}% 16
\BOOKMARK [2][-]{subsection.3.1.1}{\376\377\000C\000o\000m\000p\000o\000n\000e\000n\000t\000e\000s\000\040\000d\000e\000l\000\040\000M\000o\000d\000e\000l\000o\000\040\000L\000i\000n\000e\000a\000l\000\040\000G\000e\000n\000e\000r\000a\000l\000i\000z\000a\000d\000o}{section.3.1}% 17
\BOOKMARK [3][-]{subsubsection.3.1.1.1}{\376\377\000C\000o\000m\000p\000o\000n\000e\000n\000t\000e\000\040\000a\000l\000e\000a\000t\000o\000r\000i\000a}{subsection.3.1.1}% 18
\BOOKMARK [3][-]{subsubsection.3.1.1.2}{\376\377\000C\000o\000m\000p\000o\000n\000e\000n\000t\000e\000\040\000s\000i\000s\000t\000e\000m\000\341\000t\000i\000c\000a}{subsection.3.1.1}% 19
\BOOKMARK [3][-]{subsubsection.3.1.1.3}{\376\377\000F\000u\000n\000c\000i\000\363\000n\000\040\000l\000i\000n\000k\000\040\000o\000\040\000f\000u\000n\000c\000i\000\363\000n\000\040\000e\000n\000l\000a\000c\000e}{subsection.3.1.1}% 20
\BOOKMARK [3][-]{subsubsection.3.1.1.4}{\376\377\000E\000s\000t\000i\000m\000a\000c\000i\000\363\000n\000\040\000d\000e\000\040\000p\000a\000r\000\341\000m\000e\000t\000r\000o\000s}{subsection.3.1.1}% 21
\BOOKMARK [2][-]{subsection.3.1.2}{\376\377\000M\000o\000d\000e\000l\000o\000\040\000d\000e\000\040\000R\000e\000g\000r\000e\000s\000i\000\363\000n\000\040\000P\000o\000i\000s\000s\000o\000n}{section.3.1}% 22
\BOOKMARK [2][-]{subsection.3.1.3}{\376\377\000M\000o\000d\000e\000l\000o\000\040\000d\000e\000\040\000R\000e\000g\000r\000e\000s\000i\000\363\000n\000\040\000B\000i\000n\000o\000m\000i\000a\000l\000\040\000N\000e\000g\000a\000t\000i\000v\000a}{section.3.1}% 23
\BOOKMARK [1][-]{section.3.2}{\376\377\000A\000n\000\341\000l\000i\000s\000i\000s\000\040\000d\000e\000\040\000s\000e\000r\000i\000e\000s\000\040\000t\000e\000m\000p\000o\000r\000a\000l\000e\000s}{chapter.3}% 24
\BOOKMARK [2][-]{subsection.3.2.1}{\376\377\000M\000e\000t\000o\000d\000o\000l\000o\000g\000\355\000a\000\040\000B\000o\000x\000-\000J\000e\000n\000k\000i\000s}{section.3.2}% 25
\BOOKMARK [0][-]{chapter.4}{\376\377\000P\000r\000o\000c\000e\000s\000o\000\040\000d\000e\000\040\000l\000a\000\040\000c\000i\000e\000n\000c\000i\000a\000\040\000d\000e\000\040\000d\000a\000t\000o\000s\000\040\000\050\000D\000a\000t\000a\000\040\000s\000c\000i\000e\000n\000c\000e\000\040\000p\000r\000o\000c\000e\000s\000s\000\051}{}% 26
\BOOKMARK [1][-]{section.4.1}{\376\377\000I\000n\000t\000r\000o\000d\000u\000c\000c\000i\000\363\000n}{chapter.4}% 27
\BOOKMARK [1][-]{section.4.2}{\376\377\000E\000t\000a\000p\000a\000s\000\040\000d\000e\000l\000\040\000p\000r\000o\000c\000e\000s\000o\000\040\000d\000e\000\040\000l\000a\000\040\000c\000i\000e\000n\000c\000i\000a\000\040\000d\000e\000\040\000d\000a\000t\000o\000s}{chapter.4}% 28
\BOOKMARK [2][-]{subsection.4.2.1}{\376\377\000C\000o\000n\000o\000c\000i\000m\000i\000e\000n\000t\000o\000\040\000d\000e\000l\000\040\000n\000e\000g\000o\000c\000i\000o\000\040\000\050\000K\000n\000o\000w\000l\000e\000d\000g\000e\000\040\000o\000f\000\040\000B\000u\000s\000s\000i\000n\000e\000s\000s\000\051}{section.4.2}% 29
\BOOKMARK [2][-]{subsection.4.2.2}{\376\377\000A\000d\000q\000u\000i\000s\000i\000c\000i\000\363\000n\000\040\000d\000e\000\040\000l\000o\000s\000\040\000d\000a\000t\000o\000s\000\040\000\050\000C\000o\000l\000l\000e\000c\000t\000\040\000t\000h\000e\000\040\000d\000a\000t\000a\000\051}{section.4.2}% 30
\BOOKMARK [2][-]{subsection.4.2.3}{\376\377\000P\000r\000e\000p\000a\000r\000a\000c\000i\000\363\000n\000\040\000d\000e\000\040\000l\000o\000s\000\040\000d\000a\000t\000o\000s\000\040\000\050\000d\000a\000t\000a\000\040\000p\000r\000e\000p\000a\000r\000a\000t\000i\000o\000n\000\051}{section.4.2}% 31
\BOOKMARK [2][-]{subsection.4.2.4}{\376\377\000A\000n\000\341\000l\000i\000s\000i\000s\000\040\000e\000x\000p\000l\000o\000r\000a\000t\000o\000r\000i\000o\000\040\000d\000e\000\040\000d\000a\000t\000o\000s\000\040\000\050\000E\000D\000A\000\051}{section.4.2}% 32
\BOOKMARK [2][-]{subsection.4.2.5}{\376\377\000M\000o\000d\000e\000l\000a\000d\000o}{section.4.2}% 33
\BOOKMARK [3][-]{subsubsection.4.2.5.1}{\376\377\000M\000\341\000q\000u\000i\000n\000a\000s\000\040\000d\000e\000\040\000v\000e\000c\000t\000o\000r\000\040\000s\000o\000p\000o\000r\000t\000e\000\040\000\050\000S\000u\000p\000p\000o\000r\000t\000\040\000V\000e\000c\000t\000o\000r\000\040\000M\000a\000c\000h\000i\000n\000e\000s\000\040\000S\000V\000M\000s\000\051}{subsection.4.2.5}% 34
\BOOKMARK [4][-]{paragraph.4.2.5.1.1}{\376\377\000D\000e\000s\000c\000r\000i\000p\000c\000i\000\363\000n\000\040\000d\000e\000l\000\040\000a\000l\000g\000o\000r\000i\000t\000m\000o}{subsubsection.4.2.5.1}% 35
\BOOKMARK [3][-]{subsubsection.4.2.5.2}{\376\377\000K\000-\000N\000e\000a\000r\000e\000s\000t\000\040\000N\000e\000i\000g\000h\000b\000o\000r\000\040\000R\000e\000g\000r\000e\000s\000s\000i\000o\000n\000\040\000\050\000K\000N\000N\000\051}{subsection.4.2.5}% 36
\BOOKMARK [4][-]{paragraph.4.2.5.2.1}{\376\377\000D\000e\000s\000c\000r\000i\000p\000c\000i\000\363\000n\000\040\000d\000e\000l\000\040\000a\000l\000g\000o\000r\000i\000t\000m\000o}{subsubsection.4.2.5.2}% 37
\BOOKMARK [4][-]{paragraph.4.2.5.2.2}{\376\377\000E\000l\000e\000c\000c\000i\000\363\000n\000\040\000d\000e\000l\000\040\000p\000a\000r\000\341\000m\000e\000t\000r\000o\000\040\000k}{subsubsection.4.2.5.2}% 38
\BOOKMARK [3][-]{subsubsection.4.2.5.3}{\376\377\000\301\000r\000b\000o\000l\000e\000s\000\040\000d\000e\000\040\000d\000e\000c\000i\000s\000i\000\363\000n\000\040\000\050\000X\000G\000B\000o\000o\000s\000t\000\040\000M\000o\000d\000e\000l\000\051}{subsection.4.2.5}% 39
\BOOKMARK [4][-]{paragraph.4.2.5.3.1}{\376\377\000D\000e\000s\000c\000r\000i\000p\000c\000i\000\363\000n\000\040\000d\000e\000l\000\040\000a\000l\000g\000o\000r\000i\000t\000m\000o}{subsubsection.4.2.5.3}% 40
\BOOKMARK [3][-]{subsubsection.4.2.5.4}{\376\377\000E\000v\000a\000l\000u\000a\000c\000i\000\363\000n\000\040\000y\000\040\000p\000r\000e\000s\000e\000n\000t\000a\000c\000i\000\363\000n\000\040\000d\000e\000\040\000r\000e\000s\000u\000l\000t\000a\000d\000o\000s\000\040\000\050\000+\000a\000n\000\341\000l\000i\000s\000i\000s\000\040\000d\000e\000l\000\040\000e\000r\000r\000o\000r\000\051}{subsection.4.2.5}% 41
\BOOKMARK [0][-]{chapter.5}{\376\377\000C\000a\000s\000o\000\040\000p\000r\000\341\000c\000t\000i\000c\000o\000\040\000c\000o\000n\000\040\000d\000a\000t\000o\000s\000\040\000r\000e\000a\000l\000e\000s}{}% 42
\BOOKMARK [1][-]{section.5.1}{\376\377\000A\000n\000\341\000l\000i\000s\000i\000s\000\040\000d\000e\000\040\000c\000e\000s\000t\000a\000\040\000d\000e\000\040\000l\000a\000\040\000c\000o\000m\000p\000r\000a\000\040\000p\000a\000r\000a\000\040\000p\000r\000o\000d\000u\000c\000t\000o\000s\000\040\000l\000\341\000c\000t\000e\000o\000s}{chapter.5}% 43
\BOOKMARK [2][-]{subsection.5.1.1}{\376\377\000I\000n\000t\000r\000o\000d\000u\000c\000c\000i\000\363\000n}{section.5.1}% 44
\BOOKMARK [2][-]{subsection.5.1.2}{\376\377\000L\000e\000c\000t\000u\000r\000a\000\040\000y\000\040\000d\000e\000s\000c\000r\000i\000p\000c\000i\000\363\000n\000\040\000d\000e\000\040\000l\000o\000s\000\040\000d\000a\000t\000o\000s}{section.5.1}% 45
\BOOKMARK [2][-]{subsection.5.1.3}{\376\377\000A\000n\000\341\000l\000i\000s\000i\000s\000\040\000d\000e\000\040\000v\000e\000n\000t\000a\000s}{section.5.1}% 46
\BOOKMARK [2][-]{subsection.5.1.4}{\376\377\000A\000p\000l\000i\000c\000a\000c\000i\000\363\000n\000\040\000d\000e\000l\000\040\000a\000l\000g\000o\000r\000i\000t\000m\000o\000\040\000a\000\040\000p\000r\000i\000o\000r\000i}{section.5.1}% 47
\BOOKMARK [3][-]{subsubsection.5.1.4.1}{\376\377\000I\000t\000e\000m\000s\000e\000t\000s}{subsection.5.1.4}% 48
\BOOKMARK [3][-]{subsubsection.5.1.4.2}{\376\377\000R\000e\000g\000l\000a\000s\000\040\000d\000e\000\040\000a\000s\000o\000c\000i\000a\000c\000i\000\363\000n}{subsection.5.1.4}% 49
\BOOKMARK [3][-]{subsubsection.5.1.4.3}{\376\377\000E\000v\000a\000l\000u\000a\000c\000i\000\363\000n\000\040\000d\000e\000\040\000l\000a\000s\000\040\000r\000e\000g\000l\000a\000s}{subsection.5.1.4}% 50
\BOOKMARK [3][-]{subsubsection.5.1.4.4}{\376\377\000R\000e\000g\000l\000a\000s\000\040\000m\000a\000x\000i\000m\000a\000l\000e\000s}{subsection.5.1.4}% 51
\BOOKMARK [3][-]{subsubsection.5.1.4.5}{\376\377\000R\000e\000g\000l\000a\000s\000\040\000r\000e\000d\000u\000n\000d\000a\000n\000t\000e\000s}{subsection.5.1.4}% 52
\BOOKMARK [2][-]{subsection.5.1.5}{\376\377\000C\000o\000n\000c\000l\000u\000s\000i\000o\000n\000e\000s}{section.5.1}% 53
\BOOKMARK [1][-]{section.5.2}{\376\377\000P\000r\000o\000c\000e\000s\000o\000\040\000d\000e\000\040\000l\000a\000\040\000c\000i\000e\000n\000c\000i\000a\000\040\000d\000e\000\040\000d\000a\000t\000o\000s}{chapter.5}% 54
\BOOKMARK [2][-]{subsection.5.2.1}{\376\377\000L\000e\000c\000t\000u\000r\000a\000\040\000y\000\040\000d\000e\000s\000c\000r\000i\000p\000c\000i\000\363\000n\000\040\000d\000e\000\040\000l\000o\000s\000\040\000d\000a\000t\000o\000s}{section.5.2}% 55
\BOOKMARK [2][-]{subsection.5.2.2}{\376\377\000P\000r\000e\000p\000a\000r\000a\000c\000i\000\363\000n\000\040\000d\000e\000\040\000l\000o\000s\000\040\000d\000a\000t\000o\000s\000\040\000\050\000P\000r\000e\000p\000r\000o\000c\000e\000s\000a\000d\000o\000\051}{section.5.2}% 56
\BOOKMARK [3][-]{subsubsection.5.2.2.1}{\376\377\000T\000r\000a\000n\000s\000f\000o\000r\000m\000a\000c\000i\000\363\000n\000\040\000d\000e\000\040\000l\000o\000s\000\040\000d\000a\000t\000o\000s}{subsection.5.2.2}% 57
\BOOKMARK [3][-]{subsubsection.5.2.2.2}{\376\377\000D\000u\000p\000l\000i\000c\000a\000d\000o\000s}{subsection.5.2.2}% 58
\BOOKMARK [3][-]{subsubsection.5.2.2.3}{\376\377\000D\000a\000t\000o\000s\000\040\000f\000a\000l\000t\000a\000n\000t\000e\000s}{subsection.5.2.2}% 59
\BOOKMARK [3][-]{subsubsection.5.2.2.4}{\376\377\000O\000u\000t\000l\000i\000e\000r\000s}{subsection.5.2.2}% 60
\BOOKMARK [3][-]{subsubsection.5.2.2.5}{\376\377\000C\000r\000e\000a\000c\000i\000\363\000n\000\040\000d\000e\000\040\000v\000a\000r\000i\000a\000b\000l\000e\000s}{subsection.5.2.2}% 61
\BOOKMARK [3][-]{subsubsection.5.2.2.6}{\376\377\000D\000a\000t\000a\000s\000e\000t\000s\000\040\000d\000e\000\040\000e\000n\000t\000r\000a\000d\000a\000\040\000d\000e\000\040\000m\000o\000d\000e\000l\000o\000s}{subsection.5.2.2}% 62
\BOOKMARK [2][-]{subsection.5.2.3}{\376\377\000A\000n\000\341\000l\000i\000s\000i\000s\000\040\000e\000x\000p\000l\000o\000r\000a\000t\000o\000r\000i\000o\000\040\000d\000e\000\040\000d\000a\000t\000o\000s\000\040\000\050\000E\000D\000A\000\051}{section.5.2}% 63
\BOOKMARK [3][-]{subsubsection.5.2.3.1}{\376\377\000R\000e\000s\000u\000m\000e\000n\000\040\000d\000e\000\040\000l\000o\000s\000\040\000d\000a\000t\000o\000s}{subsection.5.2.3}% 64
\BOOKMARK [3][-]{subsubsection.5.2.3.2}{\376\377\000R\000e\000p\000r\000e\000s\000e\000n\000t\000a\000c\000i\000o\000n\000e\000s\000\040\000g\000r\000\341\000f\000i\000c\000a\000s}{subsection.5.2.3}% 65
\BOOKMARK [4][-]{paragraph.5.2.3.2.1}{\376\377\000V\000a\000r\000i\000a\000b\000l\000e\000\040\000p\000r\000e\000c\000i\000o}{subsubsection.5.2.3.2}% 66
\BOOKMARK [3][-]{subsubsection.5.2.3.3}{\376\377\000G\000r\000a\000d\000o\000\040\000d\000e\000\040\000a\000s\000o\000c\000i\000a\000c\000i\000\363\000n\000\040\000d\000e\000\040\000l\000a\000s\000\040\000v\000a\000r\000i\000a\000b\000l\000e\000s}{subsection.5.2.3}% 67
\BOOKMARK [2][-]{subsection.5.2.4}{\376\377\000M\000o\000d\000e\000l\000a\000d\000o}{section.5.2}% 68
\BOOKMARK [3][-]{subsubsection.5.2.4.1}{\376\377\000M\000o\000d\000e\000l\000o\000s\000\040\000e\000s\000t\000a\000d\000\355\000s\000t\000i\000c\000o\000s\000\040\000c\000l\000\341\000s\000i\000c\000o\000s}{subsection.5.2.4}% 69
\BOOKMARK [4][-]{paragraph.5.2.4.1.1}{\376\377\000M\000o\000d\000e\000l\000o\000\040\000d\000e\000\040\000R\000e\000g\000r\000e\000s\000i\000\363\000n\000\040\000d\000e\000\040\000P\000o\000i\000s\000s\000o\000n}{subsubsection.5.2.4.1}% 70
\BOOKMARK [4][-]{paragraph.5.2.4.1.2}{\376\377\000M\000o\000d\000e\000l\000o\000\040\000d\000e\000\040\000R\000e\000g\000r\000e\000s\000i\000\363\000n\000\040\000B\000i\000n\000o\000m\000i\000a\000l\000\040\000N\000e\000g\000a\000t\000i\000v\000a}{subsubsection.5.2.4.1}% 71
\BOOKMARK [4][-]{paragraph.5.2.4.1.3}{\376\377\000C\000o\000n\000c\000l\000u\000s\000i\000o\000n\000e\000s}{subsubsection.5.2.4.1}% 72
\BOOKMARK [4][-]{paragraph.5.2.4.1.4}{\376\377\000A\000n\000\341\000l\000i\000s\000i\000s\000\040\000d\000e\000\040\000S\000e\000r\000i\000e\000s\000\040\000T\000e\000m\000p\000o\000r\000a\000l\000e\000s}{subsubsection.5.2.4.1}% 73
\BOOKMARK [3][-]{subsubsection.5.2.4.2}{\376\377\000T\000\351\000c\000n\000i\000c\000a\000s\000\040\000d\000e\000\040\000a\000p\000r\000e\000n\000d\000i\000z\000a\000j\000e\000\040\000a\000u\000t\000o\000m\000\341\000t\000i\000c\000o}{subsection.5.2.4}% 74
\BOOKMARK [4][-]{paragraph.5.2.4.2.1}{\376\377\000P\000r\000e\000d\000i\000c\000c\000i\000\363\000n\000\040\000d\000e\000l\000\040\000v\000o\000l\000u\000m\000e\000n\000\040\000t\000o\000t\000a\000l\000\040\000d\000e\000\040\000v\000e\000n\000t\000a\000s}{subsubsection.5.2.4.2}% 75
\BOOKMARK [4][-]{paragraph.5.2.4.2.2}{\376\377\000P\000r\000e\000d\000i\000c\000c\000i\000\363\000n\000\040\000d\000e\000l\000\040\000v\000o\000l\000u\000m\000e\000n\000\040\000d\000e\000\040\000v\000e\000n\000t\000a\000s\000\040\000d\000e\000l\000\040\000p\000r\000o\000d\000u\000c\000t\000o\000\040\000c\000o\000n\000\040\000c\000a\000l\000c\000i\000o}{subsubsection.5.2.4.2}% 76
\BOOKMARK [4][-]{paragraph.5.2.4.2.3}{\376\377\000P\000r\000e\000d\000i\000c\000c\000i\000\363\000n\000\040\000d\000e\000l\000\040\000v\000o\000l\000u\000m\000e\000n\000\040\000d\000e\000\040\000v\000e\000n\000t\000a\000s\000\040\000d\000e\000l\000\040\000p\000r\000o\000d\000u\000c\000t\000o\000\040\000s\000i\000n\000\040\000c\000a\000l\000c\000i\000o}{subsubsection.5.2.4.2}% 77
\BOOKMARK [4][-]{paragraph.5.2.4.2.4}{\376\377\000C\000o\000m\000p\000a\000r\000a\000c\000i\000\363\000n\000\040\000d\000e\000\040\000r\000e\000s\000u\000l\000t\000a\000d\000o\000s\000\040\000d\000e\000l\000\040\000m\000o\000d\000e\000l\000a\000d\000o}{subsubsection.5.2.4.2}% 78
\BOOKMARK [0][-]{appendix.Alph1}{\376\377\000A\000p\000\351\000n\000d\000i\000c\000e\000:\000\040\000A\000p\000p\000\040\000s\000h\000i\000n\000y}{}% 79
\BOOKMARK [0][-]{appendix*.39}{\376\377\000B\000i\000b\000l\000i\000o\000g\000r\000a\000f\000\355\000a}{}% 80
